[main] INFO  com.atmecs.automation.logger.Loggers  – Browser started
[main] INFO  com.atmecs.automation.logger.Loggers  – Browser started
[main] INFO  com.atmecs.automation.logger.Loggers  – Browser started
[main] INFO  com.atmecs.automation.logger.Loggers  – Browser started
[main] INFO  com.atmecs.automation.logger.Loggers  – Browser started
[main] INFO  com.atmecs.automation.logger.Loggers  – Browser started
[main] INFO  com.atmecs.automation.logger.Loggers  – Browser started
[main] INFO  com.atmecs.automation.logger.Loggers  – Browser started
[main] INFO  com.atmecs.automation.logger.Loggers  – Browser started
[main] INFO  com.atmecs.automation.logger.Loggers  – Browser started
[main] INFO  com.atmecs.automation.logger.Loggers  – Browser started
[main] INFO  com.atmecs.automation.logger.Loggers  – Tshirt validation started....
[main] INFO  com.atmecs.automation.logger.Loggers  – Blouse validation started....
[main] INFO  com.atmecs.automation.logger.Loggers  – Blouse validation started....
[main] INFO  com.atmecs.automation.logger.Loggers  – Blouse validation started....
[main] INFO  com.atmecs.automation.logger.Loggers  – Blouse validation started....
[main] INFO  com.atmecs.automation.logger.Loggers  – Browser started
[main] INFO  com.atmecs.automation.logger.Loggers  – Tshirt validation started....
[main] INFO  com.atmecs.automation.logger.Loggers  – Blouse validation started....
[main] INFO  com.atmecs.automation.logger.Loggers  – Blouse validation started....
[main] INFO  com.atmecs.automation.logger.Loggers  – Blouse validation started....
[main] INFO  com.atmecs.automation.logger.Loggers  – Blouse validation started....
[main] INFO  com.atmecs.automation.logger.Loggers  – Browser started
[main] INFO  com.atmecs.automation.logger.Loggers  – Tshirt validation started....
[main] INFO  com.atmecs.automation.logger.Loggers  – Blouse validation started....
[main] INFO  com.atmecs.automation.logger.Loggers  – Casual validation started....
[main] INFO  com.atmecs.automation.logger.Loggers  – Evening validation started....
[main] INFO  com.atmecs.automation.logger.Loggers  – Summer dress validation started....
[main] INFO  com.atmecs.automation.logger.Loggers  – Browser started
[main] INFO  com.atmecs.automation.logger.Loggers  – Scenario1 started....
[main] INFO  com.atmecs.automation.logger.Loggers  – Browser started
[main] INFO  com.atmecs.automation.logger.Loggers  – Scenario1 started....
[main] INFO  com.atmecs.automation.logger.Loggers  – Browser started
[main] INFO  com.atmecs.automation.logger.Loggers  – Scenario1 started....
[main] INFO  com.atmecs.automation.logger.Loggers  – Browser started
[main] INFO  com.atmecs.automation.logger.Loggers  – Scenario1 started....
